{"name":"hexo","hostname":"mingxings-mbp.dyndns.rice.edu","pid":79726,"level":20,"msg":"Writing database to /Users/jeffreyyao/Documents/GitHub/Gallery/db.json","time":"2019-09-08T22:38:12.064Z","v":0}
{"name":"hexo","hostname":"mingxings-mbp.dyndns.rice.edu","pid":79726,"level":20,"msg":"Hexo version: \u001b[35m3.9.0\u001b[39m","time":"2019-09-08T22:38:12.077Z","v":0}
{"name":"hexo","hostname":"mingxings-mbp.dyndns.rice.edu","pid":79726,"level":20,"msg":"Working directory: \u001b[35m~/Documents/GitHub/Gallery/\u001b[39m","time":"2019-09-08T22:38:12.077Z","v":0}
{"name":"hexo","hostname":"mingxings-mbp.dyndns.rice.edu","pid":79726,"level":20,"msg":"Config loaded: \u001b[35m~/Documents/GitHub/Gallery/_config.yml\u001b[39m","time":"2019-09-08T22:38:12.141Z","v":0}
{"name":"hexo","hostname":"mingxings-mbp.dyndns.rice.edu","pid":79726,"level":20,"msg":"Plugin loaded: \u001b[35mhexo-generator-archive\u001b[39m","time":"2019-09-08T22:38:12.156Z","v":0}
{"name":"hexo","hostname":"mingxings-mbp.dyndns.rice.edu","pid":79726,"level":20,"msg":"Plugin loaded: \u001b[35mhexo-generator-category\u001b[39m","time":"2019-09-08T22:38:12.157Z","v":0}
{"name":"hexo","hostname":"mingxings-mbp.dyndns.rice.edu","pid":79726,"level":20,"msg":"Plugin loaded: \u001b[35mhexo-deployer-git\u001b[39m","time":"2019-09-08T22:38:12.175Z","v":0}
{"name":"hexo","hostname":"mingxings-mbp.dyndns.rice.edu","pid":79726,"level":20,"msg":"Plugin loaded: \u001b[35mhexo-generator-index\u001b[39m","time":"2019-09-08T22:38:12.176Z","v":0}
{"name":"hexo","hostname":"mingxings-mbp.dyndns.rice.edu","pid":79726,"level":20,"msg":"Plugin loaded: \u001b[35mhexo-generator-tag\u001b[39m","time":"2019-09-08T22:38:12.177Z","v":0}
{"name":"hexo","hostname":"mingxings-mbp.dyndns.rice.edu","pid":79726,"level":20,"msg":"Plugin loaded: \u001b[35mhexo-renderer-marked\u001b[39m","time":"2019-09-08T22:38:12.196Z","v":0}
{"name":"hexo","hostname":"mingxings-mbp.dyndns.rice.edu","pid":79726,"level":20,"msg":"Plugin loaded: \u001b[35mhexo-renderer-ejs\u001b[39m","time":"2019-09-08T22:38:12.198Z","v":0}
{"name":"hexo","hostname":"mingxings-mbp.dyndns.rice.edu","pid":79726,"level":20,"msg":"Plugin loaded: \u001b[35mhexo-renderer-scss\u001b[39m","time":"2019-09-08T22:38:12.277Z","v":0}
{"name":"hexo","hostname":"mingxings-mbp.dyndns.rice.edu","pid":79726,"level":20,"msg":"Plugin loaded: \u001b[35mhexo-renderer-stylus\u001b[39m","time":"2019-09-08T22:38:12.280Z","v":0}
{"name":"hexo","hostname":"mingxings-mbp.dyndns.rice.edu","pid":79726,"level":20,"msg":"Plugin loaded: \u001b[35mhexo-server\u001b[39m","time":"2019-09-08T22:38:12.321Z","v":0}
{"name":"hexo","hostname":"mingxings-mbp.dyndns.rice.edu","pid":79726,"level":20,"msg":"Loading database.","time":"2019-09-08T22:38:12.331Z","v":0}
{"name":"hexo","hostname":"mingxings-mbp.dyndns.rice.edu","pid":79726,"level":30,"msg":"Start processing","time":"2019-09-08T22:38:12.351Z","v":0}
{"name":"hexo","hostname":"mingxings-mbp.dyndns.rice.edu","pid":79726,"level":20,"msg":"Processed: \u001b[35m_posts/hello-world.md\u001b[39m","time":"2019-09-08T22:38:12.418Z","v":0}
{"name":"hexo","hostname":"mingxings-mbp.dyndns.rice.edu","pid":79726,"level":20,"msg":"Theme config loaded.","time":"2019-09-08T22:38:12.482Z","v":0}
{"name":"hexo","hostname":"mingxings-mbp.dyndns.rice.edu","pid":79726,"level":20,"msg":"Processed: \u001b[35m_config.yml\u001b[39m","time":"2019-09-08T22:38:12.486Z","v":0}
{"name":"hexo","hostname":"mingxings-mbp.dyndns.rice.edu","pid":79726,"level":20,"msg":"Processed: \u001b[35msource/css/styles.css\u001b[39m","time":"2019-09-08T22:38:12.487Z","v":0}
{"name":"hexo","hostname":"mingxings-mbp.dyndns.rice.edu","pid":79726,"level":20,"msg":"Processed: \u001b[35msource/favicon/favicon.ico\u001b[39m","time":"2019-09-08T22:38:12.487Z","v":0}
{"name":"hexo","hostname":"mingxings-mbp.dyndns.rice.edu","pid":79726,"level":20,"msg":"Processed: \u001b[35mlayout/index.ejs\u001b[39m","time":"2019-09-08T22:38:12.513Z","v":0}
{"name":"hexo","hostname":"mingxings-mbp.dyndns.rice.edu","pid":79726,"level":20,"msg":"Processed: \u001b[35mlayout/page.ejs\u001b[39m","time":"2019-09-08T22:38:12.514Z","v":0}
{"name":"hexo","hostname":"mingxings-mbp.dyndns.rice.edu","pid":79726,"level":20,"msg":"Processed: \u001b[35mlayout/layout.ejs\u001b[39m","time":"2019-09-08T22:38:12.514Z","v":0}
{"name":"hexo","hostname":"mingxings-mbp.dyndns.rice.edu","pid":79726,"level":20,"msg":"Processed: \u001b[35mlayout/post.ejs\u001b[39m","time":"2019-09-08T22:38:12.514Z","v":0}
{"name":"hexo","hostname":"mingxings-mbp.dyndns.rice.edu","pid":79726,"level":20,"msg":"Processed: \u001b[35mlayout/_partial/footer.ejs\u001b[39m","time":"2019-09-08T22:38:12.521Z","v":0}
{"name":"hexo","hostname":"mingxings-mbp.dyndns.rice.edu","pid":79726,"level":20,"msg":"Processed: \u001b[35mlayout/_partial/header.ejs\u001b[39m","time":"2019-09-08T22:38:12.522Z","v":0}
{"name":"hexo","hostname":"mingxings-mbp.dyndns.rice.edu","pid":79726,"level":20,"msg":"Processed: \u001b[35mlayout/_partial/head.ejs\u001b[39m","time":"2019-09-08T22:38:12.522Z","v":0}
{"name":"hexo","hostname":"mingxings-mbp.dyndns.rice.edu","pid":79726,"level":20,"msg":"Processed: \u001b[35mlayout/_partial/page-full.ejs\u001b[39m","time":"2019-09-08T22:38:12.522Z","v":0}
{"name":"hexo","hostname":"mingxings-mbp.dyndns.rice.edu","pid":79726,"level":20,"msg":"Processed: \u001b[35mlayout/_partial/portfolio-index.ejs\u001b[39m","time":"2019-09-08T22:38:12.522Z","v":0}
{"name":"hexo","hostname":"mingxings-mbp.dyndns.rice.edu","pid":79726,"level":20,"msg":"Processed: \u001b[35mlayout/_partial/portfolio-full.ejs\u001b[39m","time":"2019-09-08T22:38:12.522Z","v":0}
{"name":"hexo","hostname":"mingxings-mbp.dyndns.rice.edu","pid":79726,"level":20,"msg":"Processed: \u001b[35mlayout/_partial/google-analytics.ejs\u001b[39m","time":"2019-09-08T22:38:12.522Z","v":0}
{"name":"hexo","hostname":"mingxings-mbp.dyndns.rice.edu","pid":79726,"level":20,"msg":"Processed: \u001b[35msource/images/unsplash.jpg\u001b[39m","time":"2019-09-08T22:38:12.545Z","v":0}
{"name":"hexo","hostname":"mingxings-mbp.dyndns.rice.edu","pid":79726,"level":20,"msg":"Processed: \u001b[35msource/images/screenshot.png\u001b[39m","time":"2019-09-08T22:38:12.550Z","v":0}
{"name":"hexo","hostname":"mingxings-mbp.dyndns.rice.edu","pid":79726,"level":20,"msg":"Generator: \u001b[35mpage\u001b[39m","time":"2019-09-08T22:38:12.587Z","v":0}
{"name":"hexo","hostname":"mingxings-mbp.dyndns.rice.edu","pid":79726,"level":20,"msg":"Generator: \u001b[35mpost\u001b[39m","time":"2019-09-08T22:38:12.588Z","v":0}
{"name":"hexo","hostname":"mingxings-mbp.dyndns.rice.edu","pid":79726,"level":20,"msg":"Generator: \u001b[35marchive\u001b[39m","time":"2019-09-08T22:38:12.588Z","v":0}
{"name":"hexo","hostname":"mingxings-mbp.dyndns.rice.edu","pid":79726,"level":20,"msg":"Generator: \u001b[35mcategory\u001b[39m","time":"2019-09-08T22:38:12.588Z","v":0}
{"name":"hexo","hostname":"mingxings-mbp.dyndns.rice.edu","pid":79726,"level":20,"msg":"Generator: \u001b[35mindex\u001b[39m","time":"2019-09-08T22:38:12.588Z","v":0}
{"name":"hexo","hostname":"mingxings-mbp.dyndns.rice.edu","pid":79726,"level":20,"msg":"Generator: \u001b[35mtag\u001b[39m","time":"2019-09-08T22:38:12.588Z","v":0}
{"name":"hexo","hostname":"mingxings-mbp.dyndns.rice.edu","pid":79726,"level":20,"msg":"Generator: \u001b[35masset\u001b[39m","time":"2019-09-08T22:38:12.588Z","v":0}
{"name":"hexo","hostname":"mingxings-mbp.dyndns.rice.edu","pid":79726,"level":30,"msg":"Hexo is running at \u001b[4mhttp://localhost:4000\u001b[24m . Press Ctrl+C to stop.","time":"2019-09-08T22:38:12.591Z","v":0}
{"name":"hexo","hostname":"mingxings-mbp.dyndns.rice.edu","pid":79726,"level":20,"msg":"Database saved","time":"2019-09-08T22:38:12.594Z","v":0}
{"name":"hexo","hostname":"mingxings-mbp.dyndns.rice.edu","pid":79726,"level":20,"msg":"Rendering HTML index: \u001b[35mindex.html\u001b[39m","time":"2019-09-08T22:38:20.689Z","v":0}
{"name":"hexo","hostname":"mingxings-mbp.dyndns.rice.edu","pid":79726,"level":30,"msg":"Good bye","time":"2019-09-08T22:39:20.992Z","v":0}
{"name":"hexo","hostname":"mingxings-mbp.dyndns.rice.edu","pid":79726,"level":20,"msg":"Database saved","time":"2019-09-08T22:39:21.001Z","v":0}
{"name":"hexo","hostname":"mingxings-mbp.dyndns.rice.edu","pid":79736,"level":20,"msg":"Writing database to /Users/jeffreyyao/Documents/GitHub/Gallery/db.json","time":"2019-09-08T22:39:42.615Z","v":0}
{"name":"hexo","hostname":"mingxings-mbp.dyndns.rice.edu","pid":79736,"level":20,"msg":"Hexo version: \u001b[35m3.9.0\u001b[39m","time":"2019-09-08T22:39:42.628Z","v":0}
{"name":"hexo","hostname":"mingxings-mbp.dyndns.rice.edu","pid":79736,"level":20,"msg":"Working directory: \u001b[35m~/Documents/GitHub/Gallery/\u001b[39m","time":"2019-09-08T22:39:42.628Z","v":0}
{"name":"hexo","hostname":"mingxings-mbp.dyndns.rice.edu","pid":79736,"level":20,"msg":"Config loaded: \u001b[35m~/Documents/GitHub/Gallery/_config.yml\u001b[39m","time":"2019-09-08T22:39:42.687Z","v":0}
{"name":"hexo","hostname":"mingxings-mbp.dyndns.rice.edu","pid":79736,"level":20,"msg":"Plugin loaded: \u001b[35mhexo-deployer-git\u001b[39m","time":"2019-09-08T22:39:42.716Z","v":0}
{"name":"hexo","hostname":"mingxings-mbp.dyndns.rice.edu","pid":79736,"level":20,"msg":"Plugin loaded: \u001b[35mhexo-generator-archive\u001b[39m","time":"2019-09-08T22:39:42.718Z","v":0}
{"name":"hexo","hostname":"mingxings-mbp.dyndns.rice.edu","pid":79736,"level":20,"msg":"Plugin loaded: \u001b[35mhexo-generator-category\u001b[39m","time":"2019-09-08T22:39:42.719Z","v":0}
{"name":"hexo","hostname":"mingxings-mbp.dyndns.rice.edu","pid":79736,"level":20,"msg":"Plugin loaded: \u001b[35mhexo-generator-index\u001b[39m","time":"2019-09-08T22:39:42.720Z","v":0}
{"name":"hexo","hostname":"mingxings-mbp.dyndns.rice.edu","pid":79736,"level":20,"msg":"Plugin loaded: \u001b[35mhexo-generator-tag\u001b[39m","time":"2019-09-08T22:39:42.721Z","v":0}
{"name":"hexo","hostname":"mingxings-mbp.dyndns.rice.edu","pid":79736,"level":20,"msg":"Plugin loaded: \u001b[35mhexo-renderer-ejs\u001b[39m","time":"2019-09-08T22:39:42.724Z","v":0}
{"name":"hexo","hostname":"mingxings-mbp.dyndns.rice.edu","pid":79736,"level":20,"msg":"Plugin loaded: \u001b[35mhexo-renderer-scss\u001b[39m","time":"2019-09-08T22:39:42.806Z","v":0}
{"name":"hexo","hostname":"mingxings-mbp.dyndns.rice.edu","pid":79736,"level":20,"msg":"Plugin loaded: \u001b[35mhexo-renderer-marked\u001b[39m","time":"2019-09-08T22:39:42.825Z","v":0}
{"name":"hexo","hostname":"mingxings-mbp.dyndns.rice.edu","pid":79736,"level":20,"msg":"Plugin loaded: \u001b[35mhexo-renderer-stylus\u001b[39m","time":"2019-09-08T22:39:42.825Z","v":0}
{"name":"hexo","hostname":"mingxings-mbp.dyndns.rice.edu","pid":79736,"level":20,"msg":"Plugin loaded: \u001b[35mhexo-server\u001b[39m","time":"2019-09-08T22:39:42.872Z","v":0}
{"name":"hexo","hostname":"mingxings-mbp.dyndns.rice.edu","pid":79736,"level":20,"msg":"Loading database.","time":"2019-09-08T22:39:42.884Z","v":0}
{"name":"hexo","hostname":"mingxings-mbp.dyndns.rice.edu","pid":79736,"level":30,"msg":"Start processing","time":"2019-09-08T22:39:42.906Z","v":0}
{"name":"hexo","hostname":"mingxings-mbp.dyndns.rice.edu","pid":79736,"level":20,"msg":"Processed: \u001b[35m_posts/hello-world.md\u001b[39m","time":"2019-09-08T22:39:42.932Z","v":0}
{"name":"hexo","hostname":"mingxings-mbp.dyndns.rice.edu","pid":79736,"level":20,"msg":"Theme config loaded.","time":"2019-09-08T22:39:42.950Z","v":0}
{"name":"hexo","hostname":"mingxings-mbp.dyndns.rice.edu","pid":79736,"level":20,"msg":"Processed: \u001b[35m_config.yml\u001b[39m","time":"2019-09-08T22:39:42.950Z","v":0}
{"name":"hexo","hostname":"mingxings-mbp.dyndns.rice.edu","pid":79736,"level":20,"msg":"Processed: \u001b[35msource/css/styles.css\u001b[39m","time":"2019-09-08T22:39:42.956Z","v":0}
{"name":"hexo","hostname":"mingxings-mbp.dyndns.rice.edu","pid":79736,"level":20,"msg":"Processed: \u001b[35msource/favicon/favicon.ico\u001b[39m","time":"2019-09-08T22:39:42.956Z","v":0}
{"name":"hexo","hostname":"mingxings-mbp.dyndns.rice.edu","pid":79736,"level":20,"msg":"Processed: \u001b[35mlayout/index.ejs\u001b[39m","time":"2019-09-08T22:39:42.969Z","v":0}
{"name":"hexo","hostname":"mingxings-mbp.dyndns.rice.edu","pid":79736,"level":20,"msg":"Processed: \u001b[35mlayout/layout.ejs\u001b[39m","time":"2019-09-08T22:39:42.969Z","v":0}
{"name":"hexo","hostname":"mingxings-mbp.dyndns.rice.edu","pid":79736,"level":20,"msg":"Processed: \u001b[35mlayout/page.ejs\u001b[39m","time":"2019-09-08T22:39:42.970Z","v":0}
{"name":"hexo","hostname":"mingxings-mbp.dyndns.rice.edu","pid":79736,"level":20,"msg":"Processed: \u001b[35mlayout/post.ejs\u001b[39m","time":"2019-09-08T22:39:42.971Z","v":0}
{"name":"hexo","hostname":"mingxings-mbp.dyndns.rice.edu","pid":79736,"level":20,"msg":"Processed: \u001b[35mlayout/_partial/google-analytics.ejs\u001b[39m","time":"2019-09-08T22:39:42.973Z","v":0}
{"name":"hexo","hostname":"mingxings-mbp.dyndns.rice.edu","pid":79736,"level":20,"msg":"Processed: \u001b[35mlayout/_partial/footer.ejs\u001b[39m","time":"2019-09-08T22:39:42.973Z","v":0}
{"name":"hexo","hostname":"mingxings-mbp.dyndns.rice.edu","pid":79736,"level":20,"msg":"Processed: \u001b[35mlayout/_partial/head.ejs\u001b[39m","time":"2019-09-08T22:39:42.973Z","v":0}
{"name":"hexo","hostname":"mingxings-mbp.dyndns.rice.edu","pid":79736,"level":20,"msg":"Processed: \u001b[35mlayout/_partial/header.ejs\u001b[39m","time":"2019-09-08T22:39:42.973Z","v":0}
{"name":"hexo","hostname":"mingxings-mbp.dyndns.rice.edu","pid":79736,"level":20,"msg":"Processed: \u001b[35mlayout/_partial/page-full.ejs\u001b[39m","time":"2019-09-08T22:39:42.973Z","v":0}
{"name":"hexo","hostname":"mingxings-mbp.dyndns.rice.edu","pid":79736,"level":20,"msg":"Processed: \u001b[35mlayout/_partial/portfolio-full.ejs\u001b[39m","time":"2019-09-08T22:39:42.973Z","v":0}
{"name":"hexo","hostname":"mingxings-mbp.dyndns.rice.edu","pid":79736,"level":20,"msg":"Processed: \u001b[35mlayout/_partial/portfolio-index.ejs\u001b[39m","time":"2019-09-08T22:39:42.973Z","v":0}
{"name":"hexo","hostname":"mingxings-mbp.dyndns.rice.edu","pid":79736,"level":20,"msg":"Processed: \u001b[35msource/images/unsplash.jpg\u001b[39m","time":"2019-09-08T22:39:42.990Z","v":0}
{"name":"hexo","hostname":"mingxings-mbp.dyndns.rice.edu","pid":79736,"level":20,"msg":"Processed: \u001b[35msource/images/screenshot.png\u001b[39m","time":"2019-09-08T22:39:42.994Z","v":0}
{"name":"hexo","hostname":"mingxings-mbp.dyndns.rice.edu","pid":79736,"level":20,"msg":"Generator: \u001b[35mpage\u001b[39m","time":"2019-09-08T22:39:43.032Z","v":0}
{"name":"hexo","hostname":"mingxings-mbp.dyndns.rice.edu","pid":79736,"level":20,"msg":"Generator: \u001b[35mpost\u001b[39m","time":"2019-09-08T22:39:43.032Z","v":0}
{"name":"hexo","hostname":"mingxings-mbp.dyndns.rice.edu","pid":79736,"level":20,"msg":"Generator: \u001b[35marchive\u001b[39m","time":"2019-09-08T22:39:43.032Z","v":0}
{"name":"hexo","hostname":"mingxings-mbp.dyndns.rice.edu","pid":79736,"level":20,"msg":"Generator: \u001b[35mcategory\u001b[39m","time":"2019-09-08T22:39:43.032Z","v":0}
{"name":"hexo","hostname":"mingxings-mbp.dyndns.rice.edu","pid":79736,"level":20,"msg":"Generator: \u001b[35mindex\u001b[39m","time":"2019-09-08T22:39:43.032Z","v":0}
{"name":"hexo","hostname":"mingxings-mbp.dyndns.rice.edu","pid":79736,"level":20,"msg":"Generator: \u001b[35mtag\u001b[39m","time":"2019-09-08T22:39:43.032Z","v":0}
{"name":"hexo","hostname":"mingxings-mbp.dyndns.rice.edu","pid":79736,"level":20,"msg":"Generator: \u001b[35masset\u001b[39m","time":"2019-09-08T22:39:43.032Z","v":0}
{"name":"hexo","hostname":"mingxings-mbp.dyndns.rice.edu","pid":79736,"level":30,"msg":"Hexo is running at \u001b[4mhttp://localhost:4000\u001b[24m . Press Ctrl+C to stop.","time":"2019-09-08T22:39:43.035Z","v":0}
{"name":"hexo","hostname":"mingxings-mbp.dyndns.rice.edu","pid":79736,"level":20,"msg":"Database saved","time":"2019-09-08T22:39:43.038Z","v":0}
